<?xml version="1.0" encoding="UTF-8"?>
<testng-results skipped="0" failed="0" ignored="0" total="1" passed="1">
  <reporter-output>
  </reporter-output>
  <suite name="Suite" duration-ms="131" started-at="2017-05-05T00:18:24Z" finished-at="2017-05-05T00:18:24Z">
    <groups>
    </groups>
    <test name="Test" duration-ms="131" started-at="2017-05-05T00:18:24Z" finished-at="2017-05-05T00:18:24Z">
      <class name="com.Maven.Example.MavenDemo">
        <test-method status="PASS" signature="test()[pri:0, instance:com.Maven.Example.MavenDemo@1afa04c]" name="test" duration-ms="40" started-at="2017-05-05T05:48:24Z" finished-at="2017-05-05T05:48:24Z">
          <reporter-output>
          </reporter-output>
        </test-method> <!-- test -->
      </class> <!-- com.Maven.Example.MavenDemo -->
    </test> <!-- Test -->
  </suite> <!-- Suite -->
</testng-results>
